
*** Running vivado
    with args -log Main.vds -m64 -product Vivado -mode batch -messageDb vivado.pb -notrace -source Main.tcl


****** Vivado v2017.4 (64-bit)
  **** SW Build 2086221 on Fri Dec 15 20:55:39 MST 2017
  **** IP Build 2085800 on Fri Dec 15 22:25:07 MST 2017
    ** Copyright 1986-2017 Xilinx, Inc. All Rights Reserved.

source Main.tcl -notrace
Command: synth_design -top Main -part xc7z020clg484-1
Starting synth_design
Attempting to get a license for feature 'Synthesis' and/or device 'xc7z020'
INFO: [Common 17-349] Got license for feature 'Synthesis' and/or device 'xc7z020'
INFO: Launching helper process for spawning children vivado processes
INFO: Helper process launched with PID 1404 
---------------------------------------------------------------------------------
Starting Synthesize : Time (s): cpu = 00:00:05 ; elapsed = 00:00:06 . Memory (MB): peak = 376.512 ; gain = 97.563
---------------------------------------------------------------------------------
INFO: [Synth 8-638] synthesizing module 'Main' [C:/Users/ga62mos/GitHub/SPI/SPI.srcs/sources_1/imports/new/Main.vhd:40]
WARNING: [Synth 8-614] signal 'test' is read in the process but is not in the sensitivity list [C:/Users/ga62mos/GitHub/SPI/SPI.srcs/sources_1/imports/new/Main.vhd:44]
WARNING: [Synth 8-614] signal 'count' is read in the process but is not in the sensitivity list [C:/Users/ga62mos/GitHub/SPI/SPI.srcs/sources_1/imports/new/Main.vhd:44]
INFO: [Synth 8-256] done synthesizing module 'Main' (1#1) [C:/Users/ga62mos/GitHub/SPI/SPI.srcs/sources_1/imports/new/Main.vhd:40]
---------------------------------------------------------------------------------
Finished Synthesize : Time (s): cpu = 00:00:06 ; elapsed = 00:00:07 . Memory (MB): peak = 428.133 ; gain = 149.184
---------------------------------------------------------------------------------
---------------------------------------------------------------------------------
Finished Constraint Validation : Time (s): cpu = 00:00:06 ; elapsed = 00:00:07 . Memory (MB): peak = 428.133 ; gain = 149.184
---------------------------------------------------------------------------------
---------------------------------------------------------------------------------
Start Loading Part and Timing Information
---------------------------------------------------------------------------------
Loading part: xc7z020clg484-1
---------------------------------------------------------------------------------
Finished Loading Part and Timing Information : Time (s): cpu = 00:00:06 ; elapsed = 00:00:07 . Memory (MB): peak = 428.133 ; gain = 149.184
---------------------------------------------------------------------------------
INFO: [Device 21-403] Loading part xc7z020clg484-1
WARNING: [Synth 8-6014] Unused sequential element count_reg was removed.  [C:/Users/ga62mos/GitHub/SPI/SPI.srcs/sources_1/imports/new/Main.vhd:48]
WARNING: [Synth 8-327] inferring latch for variable 'CSn_reg' [C:/Users/ga62mos/GitHub/SPI/SPI.srcs/sources_1/imports/new/Main.vhd:49]
WARNING: [Synth 8-327] inferring latch for variable 'test' [C:/Users/ga62mos/GitHub/SPI/SPI.srcs/sources_1/imports/new/Main.vhd:52]
---------------------------------------------------------------------------------
Finished RTL Optimization Phase 2 : Time (s): cpu = 00:00:06 ; elapsed = 00:00:07 . Memory (MB): peak = 428.133 ; gain = 149.184
---------------------------------------------------------------------------------

Report RTL Partitions: 
+-+--------------+------------+----------+
| |RTL Partition |Replication |Instances |
+-+--------------+------------+----------+
+-+--------------+------------+----------+
No constraint files found.
---------------------------------------------------------------------------------
Start RTL Component Statistics 
---------------------------------------------------------------------------------
Detailed RTL Component Info : 
+---Registers : 
	               32 Bit    Registers := 1     
+---Muxes : 
	   2 Input      1 Bit        Muxes := 1     
---------------------------------------------------------------------------------
Finished RTL Component Statistics 
---------------------------------------------------------------------------------
---------------------------------------------------------------------------------
Start RTL Hierarchical Component Statistics 
---------------------------------------------------------------------------------
Hierarchical RTL Component report 
Module Main 
Detailed RTL Component Info : 
+---Registers : 
	               32 Bit    Registers := 1     
+---Muxes : 
	   2 Input      1 Bit        Muxes := 1     
---------------------------------------------------------------------------------
Finished RTL Hierarchical Component Statistics
---------------------------------------------------------------------------------
---------------------------------------------------------------------------------
Start Part Resource Summary
---------------------------------------------------------------------------------
Part Resources:
DSPs: 220 (col length:60)
BRAMs: 280 (col length: RAMB18 60 RAMB36 30)
---------------------------------------------------------------------------------
Finished Part Resource Summary
---------------------------------------------------------------------------------
No constraint files found.
---------------------------------------------------------------------------------
Start Cross Boundary and Area Optimization
---------------------------------------------------------------------------------
WARNING: [Synth 8-6014] Unused sequential element count_reg was removed.  [C:/Users/ga62mos/GitHub/SPI/SPI.srcs/sources_1/imports/new/Main.vhd:48]
WARNING: [Synth 8-3332] Sequential element (test) is unused and will be removed from module Main.
WARNING: [Synth 8-3332] Sequential element (test__0) is unused and will be removed from module Main.
WARNING: [Synth 8-3332] Sequential element (test__1) is unused and will be removed from module Main.
WARNING: [Synth 8-3332] Sequential element (test__2) is unused and will be removed from module Main.
WARNING: [Synth 8-3332] Sequential element (test__3) is unused and will be removed from module Main.
WARNING: [Synth 8-3332] Sequential element (test__4) is unused and will be removed from module Main.
WARNING: [Synth 8-3332] Sequential element (test__5) is unused and will be removed from module Main.
WARNING: [Synth 8-3332] Sequential element (test__6) is unused and will be removed from module Main.
WARNING: [Synth 8-3332] Sequential element (test__7) is unused and will be removed from module Main.
WARNING: [Synth 8-3332] Sequential element (test__8) is unused and will be removed from module Main.
WARNING: [Synth 8-3332] Sequential element (test__9) is unused and will be removed from module Main.
WARNING: [Synth 8-3332] Sequential element (test__10) is unused and will be removed from module Main.
WARNING: [Synth 8-3332] Sequential element (test__11) is unused and will be removed from module Main.
WARNING: [Synth 8-3332] Sequential element (test__12) is unused and will be removed from module Main.
WARNING: [Synth 8-3332] Sequential element (test__13) is unused and will be removed from module Main.
WARNING: [Synth 8-3332] Sequential element (test__14) is unused and will be removed from module Main.
WARNING: [Synth 8-3332] Sequential element (test__15) is unused and will be removed from module Main.
WARNING: [Synth 8-3332] Sequential element (test__16) is unused and will be removed from module Main.
WARNING: [Synth 8-3332] Sequential element (test__17) is unused and will be removed from module Main.
WARNING: [Synth 8-3332] Sequential element (test__18) is unused and will be removed from module Main.
WARNING: [Synth 8-3332] Sequential element (test__19) is unused and will be removed from module Main.
WARNING: [Synth 8-3332] Sequential element (test__20) is unused and will be removed from module Main.
WARNING: [Synth 8-3332] Sequential element (test__21) is unused and will be removed from module Main.
WARNING: [Synth 8-3332] Sequential element (test__22) is unused and will be removed from module Main.
WARNING: [Synth 8-3332] Sequential element (test__23) is unused and will be removed from module Main.
WARNING: [Synth 8-3332] Sequential element (test__24) is unused and will be removed from module Main.
WARNING: [Synth 8-3332] Sequential element (test__25) is unused and will be removed from module Main.
WARNING: [Synth 8-3332] Sequential element (test__26) is unused and will be removed from module Main.
WARNING: [Synth 8-3332] Sequential element (test__27) is unused and will be removed from module Main.
WARNING: [Synth 8-3332] Sequential element (test__28) is unused and will be removed from module Main.
WARNING: [Synth 8-3332] Sequential element (test__29) is unused and will be removed from module Main.
WARNING: [Synth 8-3332] Sequential element (test_reg[31]) is unused and will be removed from module Main.
CRITICAL WARNING: [Synth 8-3352] multi-driven net Q with 1st driver pin 'test_reg[31]/Q' [C:/Users/ga62mos/GitHub/SPI/SPI.srcs/sources_1/imports/new/Main.vhd:47]
CRITICAL WARNING: [Synth 8-3352] multi-driven net Q with 2nd driver pin 'GND' [C:/Users/ga62mos/GitHub/SPI/SPI.srcs/sources_1/imports/new/Main.vhd:47]
CRITICAL WARNING: [Synth 8-5559] multi-driven net Q is connected to constant driver, other driver is ignored [C:/Users/ga62mos/GitHub/SPI/SPI.srcs/sources_1/imports/new/Main.vhd:47]
WARNING: [Synth 8-3332] Sequential element (test_reg[30]) is unused and will be removed from module Main.
CRITICAL WARNING: [Synth 8-3352] multi-driven net Q with 1st driver pin 'test_reg[30]/Q' [C:/Users/ga62mos/GitHub/SPI/SPI.srcs/sources_1/imports/new/Main.vhd:47]
CRITICAL WARNING: [Synth 8-3352] multi-driven net Q with 2nd driver pin 'GND' [C:/Users/ga62mos/GitHub/SPI/SPI.srcs/sources_1/imports/new/Main.vhd:47]
CRITICAL WARNING: [Synth 8-5559] multi-driven net Q is connected to constant driver, other driver is ignored [C:/Users/ga62mos/GitHub/SPI/SPI.srcs/sources_1/imports/new/Main.vhd:47]
WARNING: [Synth 8-3332] Sequential element (test_reg[29]) is unused and will be removed from module Main.
CRITICAL WARNING: [Synth 8-3352] multi-driven net Q with 1st driver pin 'test_reg[29]/Q' [C:/Users/ga62mos/GitHub/SPI/SPI.srcs/sources_1/imports/new/Main.vhd:47]
CRITICAL WARNING: [Synth 8-3352] multi-driven net Q with 2nd driver pin 'GND' [C:/Users/ga62mos/GitHub/SPI/SPI.srcs/sources_1/imports/new/Main.vhd:47]
CRITICAL WARNING: [Synth 8-5559] multi-driven net Q is connected to constant driver, other driver is ignored [C:/Users/ga62mos/GitHub/SPI/SPI.srcs/sources_1/imports/new/Main.vhd:47]
WARNING: [Synth 8-3332] Sequential element (test_reg[28]) is unused and will be removed from module Main.
CRITICAL WARNING: [Synth 8-3352] multi-driven net Q with 1st driver pin 'test_reg[28]/Q' [C:/Users/ga62mos/GitHub/SPI/SPI.srcs/sources_1/imports/new/Main.vhd:47]
CRITICAL WARNING: [Synth 8-3352] multi-driven net Q with 2nd driver pin 'GND' [C:/Users/ga62mos/GitHub/SPI/SPI.srcs/sources_1/imports/new/Main.vhd:47]
CRITICAL WARNING: [Synth 8-5559] multi-driven net Q is connected to constant driver, other driver is ignored [C:/Users/ga62mos/GitHub/SPI/SPI.srcs/sources_1/imports/new/Main.vhd:47]
WARNING: [Synth 8-3332] Sequential element (test_reg[27]) is unused and will be removed from module Main.
CRITICAL WARNING: [Synth 8-3352] multi-driven net Q with 1st driver pin 'test_reg[27]/Q' [C:/Users/ga62mos/GitHub/SPI/SPI.srcs/sources_1/imports/new/Main.vhd:47]
CRITICAL WARNING: [Synth 8-3352] multi-driven net Q with 2nd driver pin 'GND' [C:/Users/ga62mos/GitHub/SPI/SPI.srcs/sources_1/imports/new/Main.vhd:47]
CRITICAL WARNING: [Synth 8-5559] multi-driven net Q is connected to constant driver, other driver is ignored [C:/Users/ga62mos/GitHub/SPI/SPI.srcs/sources_1/imports/new/Main.vhd:47]
WARNING: [Synth 8-3332] Sequential element (test_reg[26]) is unused and will be removed from module Main.
CRITICAL WARNING: [Synth 8-3352] multi-driven net Q with 1st driver pin 'test_reg[26]/Q' [C:/Users/ga62mos/GitHub/SPI/SPI.srcs/sources_1/imports/new/Main.vhd:47]
CRITICAL WARNING: [Synth 8-3352] multi-driven net Q with 2nd driver pin 'GND' [C:/Users/ga62mos/GitHub/SPI/SPI.srcs/sources_1/imports/new/Main.vhd:47]
CRITICAL WARNING: [Synth 8-5559] multi-driven net Q is connected to constant driver, other driver is ignored [C:/Users/ga62mos/GitHub/SPI/SPI.srcs/sources_1/imports/new/Main.vhd:47]
WARNING: [Synth 8-3332] Sequential element (test_reg[25]) is unused and will be removed from module Main.
CRITICAL WARNING: [Synth 8-3352] multi-driven net Q with 1st driver pin 'test_reg[25]/Q' [C:/Users/ga62mos/GitHub/SPI/SPI.srcs/sources_1/imports/new/Main.vhd:47]
CRITICAL WARNING: [Synth 8-3352] multi-driven net Q with 2nd driver pin 'GND' [C:/Users/ga62mos/GitHub/SPI/SPI.srcs/sources_1/imports/new/Main.vhd:47]
CRITICAL WARNING: [Synth 8-5559] multi-driven net Q is connected to constant driver, other driver is ignored [C:/Users/ga62mos/GitHub/SPI/SPI.srcs/sources_1/imports/new/Main.vhd:47]
WARNING: [Synth 8-3332] Sequential element (test_reg[24]) is unused and will be removed from module Main.
CRITICAL WARNING: [Synth 8-3352] multi-driven net Q with 1st driver pin 'test_reg[24]/Q' [C:/Users/ga62mos/GitHub/SPI/SPI.srcs/sources_1/imports/new/Main.vhd:47]
CRITICAL WARNING: [Synth 8-3352] multi-driven net Q with 2nd driver pin 'GND' [C:/Users/ga62mos/GitHub/SPI/SPI.srcs/sources_1/imports/new/Main.vhd:47]
CRITICAL WARNING: [Synth 8-5559] multi-driven net Q is connected to constant driver, other driver is ignored [C:/Users/ga62mos/GitHub/SPI/SPI.srcs/sources_1/imports/new/Main.vhd:47]
WARNING: [Synth 8-3332] Sequential element (test_reg[23]) is unused and will be removed from module Main.
CRITICAL WARNING: [Synth 8-3352] multi-driven net Q with 1st driver pin 'test_reg[23]/Q' [C:/Users/ga62mos/GitHub/SPI/SPI.srcs/sources_1/imports/new/Main.vhd:47]
CRITICAL WARNING: [Synth 8-3352] multi-driven net Q with 2nd driver pin 'GND' [C:/Users/ga62mos/GitHub/SPI/SPI.srcs/sources_1/imports/new/Main.vhd:47]
CRITICAL WARNING: [Synth 8-5559] multi-driven net Q is connected to constant driver, other driver is ignored [C:/Users/ga62mos/GitHub/SPI/SPI.srcs/sources_1/imports/new/Main.vhd:47]
WARNING: [Synth 8-3332] Sequential element (test_reg[22]) is unused and will be removed from module Main.
CRITICAL WARNING: [Synth 8-3352] multi-driven net Q with 1st driver pin 'test_reg[22]/Q' [C:/Users/ga62mos/GitHub/SPI/SPI.srcs/sources_1/imports/new/Main.vhd:47]
CRITICAL WARNING: [Synth 8-3352] multi-driven net Q with 2nd driver pin 'GND' [C:/Users/ga62mos/GitHub/SPI/SPI.srcs/sources_1/imports/new/Main.vhd:47]
CRITICAL WARNING: [Synth 8-5559] multi-driven net Q is connected to constant driver, other driver is ignored [C:/Users/ga62mos/GitHub/SPI/SPI.srcs/sources_1/imports/new/Main.vhd:47]
WARNING: [Synth 8-3332] Sequential element (test_reg[21]) is unused and will be removed from module Main.
CRITICAL WARNING: [Synth 8-3352] multi-driven net Q with 1st driver pin 'test_reg[21]/Q' [C:/Users/ga62mos/GitHub/SPI/SPI.srcs/sources_1/imports/new/Main.vhd:47]
CRITICAL WARNING: [Synth 8-3352] multi-driven net Q with 2nd driver pin 'GND' [C:/Users/ga62mos/GitHub/SPI/SPI.srcs/sources_1/imports/new/Main.vhd:47]
CRITICAL WARNING: [Synth 8-5559] multi-driven net Q is connected to constant driver, other driver is ignored [C:/Users/ga62mos/GitHub/SPI/SPI.srcs/sources_1/imports/new/Main.vhd:47]
WARNING: [Synth 8-3332] Sequential element (test_reg[20]) is unused and will be removed from module Main.
CRITICAL WARNING: [Synth 8-3352] multi-driven net Q with 1st driver pin 'test_reg[20]/Q' [C:/Users/ga62mos/GitHub/SPI/SPI.srcs/sources_1/imports/new/Main.vhd:47]
CRITICAL WARNING: [Synth 8-3352] multi-driven net Q with 2nd driver pin 'GND' [C:/Users/ga62mos/GitHub/SPI/SPI.srcs/sources_1/imports/new/Main.vhd:47]
CRITICAL WARNING: [Synth 8-5559] multi-driven net Q is connected to constant driver, other driver is ignored [C:/Users/ga62mos/GitHub/SPI/SPI.srcs/sources_1/imports/new/Main.vhd:47]
WARNING: [Synth 8-3332] Sequential element (test_reg[19]) is unused and will be removed from module Main.
CRITICAL WARNING: [Synth 8-3352] multi-driven net Q with 1st driver pin 'test_reg[19]/Q' [C:/Users/ga62mos/GitHub/SPI/SPI.srcs/sources_1/imports/new/Main.vhd:47]
CRITICAL WARNING: [Synth 8-3352] multi-driven net Q with 2nd driver pin 'GND' [C:/Users/ga62mos/GitHub/SPI/SPI.srcs/sources_1/imports/new/Main.vhd:47]
CRITICAL WARNING: [Synth 8-5559] multi-driven net Q is connected to constant driver, other driver is ignored [C:/Users/ga62mos/GitHub/SPI/SPI.srcs/sources_1/imports/new/Main.vhd:47]
WARNING: [Synth 8-3332] Sequential element (test_reg[18]) is unused and will be removed from module Main.
CRITICAL WARNING: [Synth 8-3352] multi-driven net Q with 1st driver pin 'test_reg[18]/Q' [C:/Users/ga62mos/GitHub/SPI/SPI.srcs/sources_1/imports/new/Main.vhd:47]
CRITICAL WARNING: [Synth 8-3352] multi-driven net Q with 2nd driver pin 'GND' [C:/Users/ga62mos/GitHub/SPI/SPI.srcs/sources_1/imports/new/Main.vhd:47]
CRITICAL WARNING: [Synth 8-5559] multi-driven net Q is connected to constant driver, other driver is ignored [C:/Users/ga62mos/GitHub/SPI/SPI.srcs/sources_1/imports/new/Main.vhd:47]
WARNING: [Synth 8-3332] Sequential element (test_reg[17]) is unused and will be removed from module Main.
CRITICAL WARNING: [Synth 8-3352] multi-driven net Q with 1st driver pin 'test_reg[17]/Q' [C:/Users/ga62mos/GitHub/SPI/SPI.srcs/sources_1/imports/new/Main.vhd:47]
CRITICAL WARNING: [Synth 8-3352] multi-driven net Q with 2nd driver pin 'GND' [C:/Users/ga62mos/GitHub/SPI/SPI.srcs/sources_1/imports/new/Main.vhd:47]
CRITICAL WARNING: [Synth 8-5559] multi-driven net Q is connected to constant driver, other driver is ignored [C:/Users/ga62mos/GitHub/SPI/SPI.srcs/sources_1/imports/new/Main.vhd:47]
WARNING: [Synth 8-3332] Sequential element (test_reg[16]) is unused and will be removed from module Main.
CRITICAL WARNING: [Synth 8-3352] multi-driven net Q with 1st driver pin 'test_reg[16]/Q' [C:/Users/ga62mos/GitHub/SPI/SPI.srcs/sources_1/imports/new/Main.vhd:47]
CRITICAL WARNING: [Synth 8-3352] multi-driven net Q with 2nd driver pin 'GND' [C:/Users/ga62mos/GitHub/SPI/SPI.srcs/sources_1/imports/new/Main.vhd:47]
CRITICAL WARNING: [Synth 8-5559] multi-driven net Q is connected to constant driver, other driver is ignored [C:/Users/ga62mos/GitHub/SPI/SPI.srcs/sources_1/imports/new/Main.vhd:47]
WARNING: [Synth 8-3332] Sequential element (test_reg[15]) is unused and will be removed from module Main.
CRITICAL WARNING: [Synth 8-3352] multi-driven net Q with 1st driver pin 'test_reg[15]/Q' [C:/Users/ga62mos/GitHub/SPI/SPI.srcs/sources_1/imports/new/Main.vhd:47]
CRITICAL WARNING: [Synth 8-3352] multi-driven net Q with 2nd driver pin 'GND' [C:/Users/ga62mos/GitHub/SPI/SPI.srcs/sources_1/imports/new/Main.vhd:47]
CRITICAL WARNING: [Synth 8-5559] multi-driven net Q is connected to constant driver, other driver is ignored [C:/Users/ga62mos/GitHub/SPI/SPI.srcs/sources_1/imports/new/Main.vhd:47]
WARNING: [Synth 8-3332] Sequential element (test_reg[14]) is unused and will be removed from module Main.
CRITICAL WARNING: [Synth 8-3352] multi-driven net Q with 1st driver pin 'test_reg[14]/Q' [C:/Users/ga62mos/GitHub/SPI/SPI.srcs/sources_1/imports/new/Main.vhd:47]
CRITICAL WARNING: [Synth 8-3352] multi-driven net Q with 2nd driver pin 'GND' [C:/Users/ga62mos/GitHub/SPI/SPI.srcs/sources_1/imports/new/Main.vhd:47]
CRITICAL WARNING: [Synth 8-5559] multi-driven net Q is connected to constant driver, other driver is ignored [C:/Users/ga62mos/GitHub/SPI/SPI.srcs/sources_1/imports/new/Main.vhd:47]
WARNING: [Synth 8-3332] Sequential element (test_reg[13]) is unused and will be removed from module Main.
CRITICAL WARNING: [Synth 8-3352] multi-driven net Q with 1st driver pin 'test_reg[13]/Q' [C:/Users/ga62mos/GitHub/SPI/SPI.srcs/sources_1/imports/new/Main.vhd:47]
CRITICAL WARNING: [Synth 8-3352] multi-driven net Q with 2nd driver pin 'GND' [C:/Users/ga62mos/GitHub/SPI/SPI.srcs/sources_1/imports/new/Main.vhd:47]
CRITICAL WARNING: [Synth 8-5559] multi-driven net Q is connected to constant driver, other driver is ignored [C:/Users/ga62mos/GitHub/SPI/SPI.srcs/sources_1/imports/new/Main.vhd:47]
WARNING: [Synth 8-3332] Sequential element (test_reg[12]) is unused and will be removed from module Main.
CRITICAL WARNING: [Synth 8-3352] multi-driven net Q with 1st driver pin 'test_reg[12]/Q' [C:/Users/ga62mos/GitHub/SPI/SPI.srcs/sources_1/imports/new/Main.vhd:47]
CRITICAL WARNING: [Synth 8-3352] multi-driven net Q with 2nd driver pin 'GND' [C:/Users/ga62mos/GitHub/SPI/SPI.srcs/sources_1/imports/new/Main.vhd:47]
CRITICAL WARNING: [Synth 8-5559] multi-driven net Q is connected to constant driver, other driver is ignored [C:/Users/ga62mos/GitHub/SPI/SPI.srcs/sources_1/imports/new/Main.vhd:47]
WARNING: [Synth 8-3332] Sequential element (test_reg[11]) is unused and will be removed from module Main.
CRITICAL WARNING: [Synth 8-3352] multi-driven net Q with 1st driver pin 'test_reg[11]/Q' [C:/Users/ga62mos/GitHub/SPI/SPI.srcs/sources_1/imports/new/Main.vhd:47]
CRITICAL WARNING: [Synth 8-3352] multi-driven net Q with 2nd driver pin 'GND' [C:/Users/ga62mos/GitHub/SPI/SPI.srcs/sources_1/imports/new/Main.vhd:47]
CRITICAL WARNING: [Synth 8-5559] multi-driven net Q is connected to constant driver, other driver is ignored [C:/Users/ga62mos/GitHub/SPI/SPI.srcs/sources_1/imports/new/Main.vhd:47]
WARNING: [Synth 8-3332] Sequential element (test_reg[10]) is unused and will be removed from module Main.
CRITICAL WARNING: [Synth 8-3352] multi-driven net Q with 1st driver pin 'test_reg[10]/Q' [C:/Users/ga62mos/GitHub/SPI/SPI.srcs/sources_1/imports/new/Main.vhd:47]
CRITICAL WARNING: [Synth 8-3352] multi-driven net Q with 2nd driver pin 'GND' [C:/Users/ga62mos/GitHub/SPI/SPI.srcs/sources_1/imports/new/Main.vhd:47]
CRITICAL WARNING: [Synth 8-5559] multi-driven net Q is connected to constant driver, other driver is ignored [C:/Users/ga62mos/GitHub/SPI/SPI.srcs/sources_1/imports/new/Main.vhd:47]
WARNING: [Synth 8-3332] Sequential element (test_reg[9]) is unused and will be removed from module Main.
CRITICAL WARNING: [Synth 8-3352] multi-driven net Q with 1st driver pin 'test_reg[9]/Q' [C:/Users/ga62mos/GitHub/SPI/SPI.srcs/sources_1/imports/new/Main.vhd:47]
CRITICAL WARNING: [Synth 8-3352] multi-driven net Q with 2nd driver pin 'GND' [C:/Users/ga62mos/GitHub/SPI/SPI.srcs/sources_1/imports/new/Main.vhd:47]
CRITICAL WARNING: [Synth 8-5559] multi-driven net Q is connected to constant driver, other driver is ignored [C:/Users/ga62mos/GitHub/SPI/SPI.srcs/sources_1/imports/new/Main.vhd:47]
WARNING: [Synth 8-3332] Sequential element (test_reg[8]) is unused and will be removed from module Main.
CRITICAL WARNING: [Synth 8-3352] multi-driven net Q with 1st driver pin 'test_reg[8]/Q' [C:/Users/ga62mos/GitHub/SPI/SPI.srcs/sources_1/imports/new/Main.vhd:47]
CRITICAL WARNING: [Synth 8-3352] multi-driven net Q with 2nd driver pin 'GND' [C:/Users/ga62mos/GitHub/SPI/SPI.srcs/sources_1/imports/new/Main.vhd:47]
CRITICAL WARNING: [Synth 8-5559] multi-driven net Q is connected to constant driver, other driver is ignored [C:/Users/ga62mos/GitHub/SPI/SPI.srcs/sources_1/imports/new/Main.vhd:47]
WARNING: [Synth 8-3332] Sequential element (test_reg[7]) is unused and will be removed from module Main.
CRITICAL WARNING: [Synth 8-3352] multi-driven net Q with 1st driver pin 'test_reg[7]/Q' [C:/Users/ga62mos/GitHub/SPI/SPI.srcs/sources_1/imports/new/Main.vhd:47]
CRITICAL WARNING: [Synth 8-3352] multi-driven net Q with 2nd driver pin 'GND' [C:/Users/ga62mos/GitHub/SPI/SPI.srcs/sources_1/imports/new/Main.vhd:47]
CRITICAL WARNING: [Synth 8-5559] multi-driven net Q is connected to constant driver, other driver is ignored [C:/Users/ga62mos/GitHub/SPI/SPI.srcs/sources_1/imports/new/Main.vhd:47]
WARNING: [Synth 8-3332] Sequential element (test_reg[6]) is unused and will be removed from module Main.
CRITICAL WARNING: [Synth 8-3352] multi-driven net Q with 1st driver pin 'test_reg[6]/Q' [C:/Users/ga62mos/GitHub/SPI/SPI.srcs/sources_1/imports/new/Main.vhd:47]
CRITICAL WARNING: [Synth 8-3352] multi-driven net Q with 2nd driver pin 'GND' [C:/Users/ga62mos/GitHub/SPI/SPI.srcs/sources_1/imports/new/Main.vhd:47]
CRITICAL WARNING: [Synth 8-5559] multi-driven net Q is connected to constant driver, other driver is ignored [C:/Users/ga62mos/GitHub/SPI/SPI.srcs/sources_1/imports/new/Main.vhd:47]
WARNING: [Synth 8-3332] Sequential element (test_reg[5]) is unused and will be removed from module Main.
CRITICAL WARNING: [Synth 8-3352] multi-driven net Q with 1st driver pin 'test_reg[5]/Q' [C:/Users/ga62mos/GitHub/SPI/SPI.srcs/sources_1/imports/new/Main.vhd:47]
CRITICAL WARNING: [Synth 8-3352] multi-driven net Q with 2nd driver pin 'GND' [C:/Users/ga62mos/GitHub/SPI/SPI.srcs/sources_1/imports/new/Main.vhd:47]
CRITICAL WARNING: [Synth 8-5559] multi-driven net Q is connected to constant driver, other driver is ignored [C:/Users/ga62mos/GitHub/SPI/SPI.srcs/sources_1/imports/new/Main.vhd:47]
WARNING: [Synth 8-3332] Sequential element (test_reg[4]) is unused and will be removed from module Main.
CRITICAL WARNING: [Synth 8-3352] multi-driven net Q with 1st driver pin 'test_reg[4]/Q' [C:/Users/ga62mos/GitHub/SPI/SPI.srcs/sources_1/imports/new/Main.vhd:47]
CRITICAL WARNING: [Synth 8-3352] multi-driven net Q with 2nd driver pin 'GND' [C:/Users/ga62mos/GitHub/SPI/SPI.srcs/sources_1/imports/new/Main.vhd:47]
CRITICAL WARNING: [Synth 8-5559] multi-driven net Q is connected to constant driver, other driver is ignored [C:/Users/ga62mos/GitHub/SPI/SPI.srcs/sources_1/imports/new/Main.vhd:47]
WARNING: [Synth 8-3332] Sequential element (test_reg[3]) is unused and will be removed from module Main.
CRITICAL WARNING: [Synth 8-3352] multi-driven net Q with 1st driver pin 'test_reg[3]/Q' [C:/Users/ga62mos/GitHub/SPI/SPI.srcs/sources_1/imports/new/Main.vhd:47]
CRITICAL WARNING: [Synth 8-3352] multi-driven net Q with 2nd driver pin 'GND' [C:/Users/ga62mos/GitHub/SPI/SPI.srcs/sources_1/imports/new/Main.vhd:47]
CRITICAL WARNING: [Synth 8-5559] multi-driven net Q is connected to constant driver, other driver is ignored [C:/Users/ga62mos/GitHub/SPI/SPI.srcs/sources_1/imports/new/Main.vhd:47]
WARNING: [Synth 8-3332] Sequential element (test_reg[2]) is unused and will be removed from module Main.
CRITICAL WARNING: [Synth 8-3352] multi-driven net Q with 1st driver pin 'test_reg[2]/Q' [C:/Users/ga62mos/GitHub/SPI/SPI.srcs/sources_1/imports/new/Main.vhd:47]
CRITICAL WARNING: [Synth 8-3352] multi-driven net Q with 2nd driver pin 'GND' [C:/Users/ga62mos/GitHub/SPI/SPI.srcs/sources_1/imports/new/Main.vhd:47]
CRITICAL WARNING: [Synth 8-5559] multi-driven net Q is connected to constant driver, other driver is ignored [C:/Users/ga62mos/GitHub/SPI/SPI.srcs/sources_1/imports/new/Main.vhd:47]
WARNING: [Synth 8-3332] Sequential element (test_reg[1]) is unused and will be removed from module Main.
CRITICAL WARNING: [Synth 8-3352] multi-driven net Q with 1st driver pin 'test_reg[1]/Q' [C:/Users/ga62mos/GitHub/SPI/SPI.srcs/sources_1/imports/new/Main.vhd:47]
CRITICAL WARNING: [Synth 8-3352] multi-driven net Q with 2nd driver pin 'GND' [C:/Users/ga62mos/GitHub/SPI/SPI.srcs/sources_1/imports/new/Main.vhd:47]
CRITICAL WARNING: [Synth 8-5559] multi-driven net Q is connected to constant driver, other driver is ignored [C:/Users/ga62mos/GitHub/SPI/SPI.srcs/sources_1/imports/new/Main.vhd:47]
---------------------------------------------------------------------------------
Finished Cross Boundary and Area Optimization : Time (s): cpu = 00:00:10 ; elapsed = 00:00:11 . Memory (MB): peak = 584.070 ; gain = 305.121
---------------------------------------------------------------------------------

Report RTL Partitions: 
+-+--------------+------------+----------+
| |RTL Partition |Replication |Instances |
+-+--------------+------------+----------+
+-+--------------+------------+----------+
No constraint files found.
---------------------------------------------------------------------------------
Start Timing Optimization
---------------------------------------------------------------------------------
---------------------------------------------------------------------------------
Finished Timing Optimization : Time (s): cpu = 00:00:10 ; elapsed = 00:00:11 . Memory (MB): peak = 584.070 ; gain = 305.121
---------------------------------------------------------------------------------

Report RTL Partitions: 
+-+--------------+------------+----------+
| |RTL Partition |Replication |Instances |
+-+--------------+------------+----------+
+-+--------------+------------+----------+
---------------------------------------------------------------------------------
Start Technology Mapping
---------------------------------------------------------------------------------
---------------------------------------------------------------------------------
Finished Technology Mapping : Time (s): cpu = 00:00:10 ; elapsed = 00:00:11 . Memory (MB): peak = 593.094 ; gain = 314.145
---------------------------------------------------------------------------------

Report RTL Partitions: 
+-+--------------+------------+----------+
| |RTL Partition |Replication |Instances |
+-+--------------+------------+----------+
+-+--------------+------------+----------+
---------------------------------------------------------------------------------
Start IO Insertion
---------------------------------------------------------------------------------
---------------------------------------------------------------------------------
Start Flattening Before IO Insertion
---------------------------------------------------------------------------------
---------------------------------------------------------------------------------
Finished Flattening Before IO Insertion
---------------------------------------------------------------------------------
---------------------------------------------------------------------------------
Start Final Netlist Cleanup
---------------------------------------------------------------------------------
---------------------------------------------------------------------------------
Finished Final Netlist Cleanup
---------------------------------------------------------------------------------
---------------------------------------------------------------------------------
Finished IO Insertion : Time (s): cpu = 00:00:11 ; elapsed = 00:00:12 . Memory (MB): peak = 593.094 ; gain = 314.145
---------------------------------------------------------------------------------
CRITICAL WARNING: [Synth 8-3352] multi-driven net test[0] with 1st driver pin 'test_reg[0]/Q' [C:/Users/ga62mos/GitHub/SPI/SPI.srcs/sources_1/imports/new/Main.vhd:47]
CRITICAL WARNING: [Synth 8-3352] multi-driven net test[0] with 2nd driver pin 'test__30/Q' [C:/Users/ga62mos/GitHub/SPI/SPI.srcs/sources_1/imports/new/Main.vhd:52]

Report Check Netlist: 
+------+------------------+-------+---------+-------+------------------+
|      |Item              |Errors |Warnings |Status |Description       |
+------+------------------+-------+---------+-------+------------------+
|1     |multi_driven_nets |      0|        1|Failed |Multi driven nets |
+------+------------------+-------+---------+-------+------------------+
---------------------------------------------------------------------------------
Start Renaming Generated Instances
---------------------------------------------------------------------------------
---------------------------------------------------------------------------------
Finished Renaming Generated Instances : Time (s): cpu = 00:00:11 ; elapsed = 00:00:12 . Memory (MB): peak = 593.094 ; gain = 314.145
---------------------------------------------------------------------------------

Report RTL Partitions: 
+-+--------------+------------+----------+
| |RTL Partition |Replication |Instances |
+-+--------------+------------+----------+
+-+--------------+------------+----------+
---------------------------------------------------------------------------------
Start Rebuilding User Hierarchy
---------------------------------------------------------------------------------
---------------------------------------------------------------------------------
Finished Rebuilding User Hierarchy : Time (s): cpu = 00:00:11 ; elapsed = 00:00:12 . Memory (MB): peak = 593.094 ; gain = 314.145
---------------------------------------------------------------------------------
---------------------------------------------------------------------------------
Start Renaming Generated Ports
---------------------------------------------------------------------------------
---------------------------------------------------------------------------------
Finished Renaming Generated Ports : Time (s): cpu = 00:00:11 ; elapsed = 00:00:12 . Memory (MB): peak = 593.094 ; gain = 314.145
---------------------------------------------------------------------------------
---------------------------------------------------------------------------------
Start Handling Custom Attributes
---------------------------------------------------------------------------------
---------------------------------------------------------------------------------
Finished Handling Custom Attributes : Time (s): cpu = 00:00:11 ; elapsed = 00:00:12 . Memory (MB): peak = 593.094 ; gain = 314.145
---------------------------------------------------------------------------------
---------------------------------------------------------------------------------
Start Renaming Generated Nets
---------------------------------------------------------------------------------
---------------------------------------------------------------------------------
Finished Renaming Generated Nets : Time (s): cpu = 00:00:11 ; elapsed = 00:00:12 . Memory (MB): peak = 593.094 ; gain = 314.145
---------------------------------------------------------------------------------
---------------------------------------------------------------------------------
Start Writing Synthesis Report
---------------------------------------------------------------------------------

Report BlackBoxes: 
+-+--------------+----------+
| |BlackBox name |Instances |
+-+--------------+----------+
+-+--------------+----------+

Report Cell Usage: 
+------+-------+------+
|      |Cell   |Count |
+------+-------+------+
|1     |BUFG   |     1|
|2     |CARRY4 |    11|
|3     |LUT1   |     3|
|4     |LUT2   |     2|
|5     |LUT3   |    11|
|6     |FDCE   |    33|
|7     |LD     |     2|
|8     |IBUF   |     2|
|9     |OBUF   |     1|
+------+-------+------+

Report Instance Areas: 
+------+---------+-------+------+
|      |Instance |Module |Cells |
+------+---------+-------+------+
|1     |top      |       |    66|
+------+---------+-------+------+
---------------------------------------------------------------------------------
Finished Writing Synthesis Report : Time (s): cpu = 00:00:11 ; elapsed = 00:00:12 . Memory (MB): peak = 593.094 ; gain = 314.145
---------------------------------------------------------------------------------
Synthesis finished with 0 errors, 95 critical warnings and 68 warnings.
Synthesis Optimization Runtime : Time (s): cpu = 00:00:11 ; elapsed = 00:00:12 . Memory (MB): peak = 593.094 ; gain = 314.145
Synthesis Optimization Complete : Time (s): cpu = 00:00:11 ; elapsed = 00:00:12 . Memory (MB): peak = 593.094 ; gain = 314.145
INFO: [Project 1-571] Translating synthesized netlist
INFO: [Netlist 29-17] Analyzing 15 Unisim elements for replacement
INFO: [Netlist 29-28] Unisim Transformation completed in 0 CPU seconds
INFO: [Project 1-570] Preparing netlist for logic optimization
INFO: [Opt 31-138] Pushed 0 inverter(s) to 0 load pin(s).
INFO: [Project 1-111] Unisim Transformation Summary:
  A total of 2 instances were transformed.
  LD => LDCE: 2 instances

INFO: [Common 17-83] Releasing license: Synthesis
11 Infos, 68 Warnings, 95 Critical Warnings and 0 Errors encountered.
synth_design completed successfully
synth_design: Time (s): cpu = 00:00:16 ; elapsed = 00:00:17 . Memory (MB): peak = 699.184 ; gain = 432.355
INFO: [Common 17-1381] The checkpoint 'C:/Users/ga62mos/GitHub/SPI/SPI.runs/synth_1/Main.dcp' has been generated.
INFO: [runtcl-4] Executing : report_utilization -file Main_utilization_synth.rpt -pb Main_utilization_synth.pb
report_utilization: Time (s): cpu = 00:00:00 ; elapsed = 00:00:00.036 . Memory (MB): peak = 699.184 ; gain = 0.000
INFO: [Common 17-206] Exiting Vivado at Wed Apr  4 17:45:09 2018...
